<?xml version="1.0" encoding="UTF-8"?>
<!-- Generated by org.testng.reporters.JUnitReportReporter -->
<testsuite hostname="LAPTOP-3SJRB8UE" failures="0" tests="2" name="TestNgfirst.Firstproject" time="0.020" errors="0" timestamp="2021-05-04T21:26:47 IST" skipped="0">
  <testcase classname="TestNgfirst.Firstproject" name="loginpage" time="0.003"/>
  <system-out/>
  <testcase classname="TestNgfirst.Firstproject" name="login" time="0.017"/>
  <system-out/>
</testsuite> <!-- TestNgfirst.Firstproject -->
